Analysis & Elaboration report for AES
Tue May 17 23:48:27 2022
Quartus Prime Version 20.1.1 Build 720 11/11/2020 SJ Lite Edition


---------------------
; Table of Contents ;
---------------------
  1. Legal Notice
  2. Analysis & Elaboration Summary
  3. Parallel Compilation
  4. Analysis & Elaboration Settings
  5. Analysis & Elaboration Messages



----------------
; Legal Notice ;
----------------
Copyright (C) 2020  Intel Corporation. All rights reserved.
Your use of Intel Corporation's design tools, logic functions 
and other software and tools, and any partner logic 
functions, and any output files from any of the foregoing 
(including device programming or simulation files), and any 
associated documentation or information are expressly subject 
to the terms and conditions of the Intel Program License 
Subscription Agreement, the Intel Quartus Prime License Agreement,
the Intel FPGA IP License Agreement, or other applicable license
agreement, including, without limitation, that your use is for
the sole purpose of programming logic devices manufactured by
Intel and sold by Intel or its authorized distributors.  Please
refer to the applicable agreement for further details, at
https://fpgasoftware.intel.com/eula.



+-----------------------------------------------------------------------------+
; Analysis & Elaboration Summary                                              ;
+-------------------------------+---------------------------------------------+
; Analysis & Elaboration Status ; Successful - Tue May 17 23:48:27 2022       ;
; Quartus Prime Version         ; 20.1.1 Build 720 11/11/2020 SJ Lite Edition ;
; Revision Name                 ; AES                                         ;
; Top-level Entity Name         ; AES                                         ;
; Family                        ; Cyclone V                                   ;
; Logic utilization (in ALMs)   ; N/A until Partition Merge                   ;
; Total registers               ; N/A until Partition Merge                   ;
; Total pins                    ; N/A until Partition Merge                   ;
; Total virtual pins            ; N/A until Partition Merge                   ;
; Total block memory bits       ; N/A until Partition Merge                   ;
; Total PLLs                    ; N/A until Partition Merge                   ;
; Total DLLs                    ; N/A until Partition Merge                   ;
+-------------------------------+---------------------------------------------+


+------------------------------------------+
; Parallel Compilation                     ;
+----------------------------+-------------+
; Processors                 ; Number      ;
+----------------------------+-------------+
; Number detected on machine ; 12          ;
; Maximum allowed            ; 6           ;
;                            ;             ;
; Average used               ; 1.00        ;
; Maximum used               ; 1           ;
;                            ;             ;
; Usage by Processor         ; % Time Used ;
;     Processor 1            ; 100.0%      ;
+----------------------------+-------------+


+---------------------------------------------------------------------------------------------------------------------------+
; Analysis & Elaboration Settings                                                                                           ;
+---------------------------------------------------------------------------------+--------------------+--------------------+
; Option                                                                          ; Setting            ; Default Value      ;
+---------------------------------------------------------------------------------+--------------------+--------------------+
; Device                                                                          ; 5CGXFC7C7F23C8     ;                    ;
; Top-level entity name                                                           ; AES                ; AES                ;
; Family name                                                                     ; Cyclone V          ; Cyclone V          ;
; Use smart compilation                                                           ; Off                ; Off                ;
; Enable parallel Assembler and Timing Analyzer during compilation                ; On                 ; On                 ;
; Enable compact report table                                                     ; Off                ; Off                ;
; Restructure Multiplexers                                                        ; Auto               ; Auto               ;
; MLAB Add Timing Constraints For Mixed-Port Feed-Through Mode Setting Don't Care ; Off                ; Off                ;
; Create Debugging Nodes for IP Cores                                             ; Off                ; Off                ;
; Preserve fewer node names                                                       ; On                 ; On                 ;
; Intel FPGA IP Evaluation Mode                                                   ; Enable             ; Enable             ;
; Verilog Version                                                                 ; Verilog_2001       ; Verilog_2001       ;
; VHDL Version                                                                    ; VHDL_1993          ; VHDL_1993          ;
; State Machine Processing                                                        ; Auto               ; Auto               ;
; Safe State Machine                                                              ; Off                ; Off                ;
; Extract Verilog State Machines                                                  ; On                 ; On                 ;
; Extract VHDL State Machines                                                     ; On                 ; On                 ;
; Ignore Verilog initial constructs                                               ; Off                ; Off                ;
; Iteration limit for constant Verilog loops                                      ; 5000               ; 5000               ;
; Iteration limit for non-constant Verilog loops                                  ; 250                ; 250                ;
; Add Pass-Through Logic to Inferred RAMs                                         ; On                 ; On                 ;
; Infer RAMs from Raw Logic                                                       ; On                 ; On                 ;
; Parallel Synthesis                                                              ; On                 ; On                 ;
; DSP Block Balancing                                                             ; Auto               ; Auto               ;
; NOT Gate Push-Back                                                              ; On                 ; On                 ;
; Power-Up Don't Care                                                             ; On                 ; On                 ;
; Remove Redundant Logic Cells                                                    ; Off                ; Off                ;
; Remove Duplicate Registers                                                      ; On                 ; On                 ;
; Ignore CARRY Buffers                                                            ; Off                ; Off                ;
; Ignore CASCADE Buffers                                                          ; Off                ; Off                ;
; Ignore GLOBAL Buffers                                                           ; Off                ; Off                ;
; Ignore ROW GLOBAL Buffers                                                       ; Off                ; Off                ;
; Ignore LCELL Buffers                                                            ; Off                ; Off                ;
; Ignore SOFT Buffers                                                             ; On                 ; On                 ;
; Limit AHDL Integers to 32 Bits                                                  ; Off                ; Off                ;
; Optimization Technique                                                          ; Balanced           ; Balanced           ;
; Carry Chain Length                                                              ; 70                 ; 70                 ;
; Auto Carry Chains                                                               ; On                 ; On                 ;
; Auto Open-Drain Pins                                                            ; On                 ; On                 ;
; Perform WYSIWYG Primitive Resynthesis                                           ; Off                ; Off                ;
; Auto ROM Replacement                                                            ; On                 ; On                 ;
; Auto RAM Replacement                                                            ; On                 ; On                 ;
; Auto DSP Block Replacement                                                      ; On                 ; On                 ;
; Auto Shift Register Replacement                                                 ; Auto               ; Auto               ;
; Allow Shift Register Merging across Hierarchies                                 ; Auto               ; Auto               ;
; Auto Clock Enable Replacement                                                   ; On                 ; On                 ;
; Strict RAM Replacement                                                          ; Off                ; Off                ;
; Allow Synchronous Control Signals                                               ; On                 ; On                 ;
; Force Use of Synchronous Clear Signals                                          ; Off                ; Off                ;
; Auto Resource Sharing                                                           ; Off                ; Off                ;
; Allow Any RAM Size For Recognition                                              ; Off                ; Off                ;
; Allow Any ROM Size For Recognition                                              ; Off                ; Off                ;
; Allow Any Shift Register Size For Recognition                                   ; Off                ; Off                ;
; Use LogicLock Constraints during Resource Balancing                             ; On                 ; On                 ;
; Ignore translate_off and synthesis_off directives                               ; Off                ; Off                ;
; Timing-Driven Synthesis                                                         ; On                 ; On                 ;
; Report Parameter Settings                                                       ; On                 ; On                 ;
; Report Source Assignments                                                       ; On                 ; On                 ;
; Report Connectivity Checks                                                      ; On                 ; On                 ;
; Ignore Maximum Fan-Out Assignments                                              ; Off                ; Off                ;
; Synchronization Register Chain Length                                           ; 3                  ; 3                  ;
; Power Optimization During Synthesis                                             ; Normal compilation ; Normal compilation ;
; HDL message level                                                               ; Level2             ; Level2             ;
; Suppress Register Optimization Related Messages                                 ; Off                ; Off                ;
; Number of Removed Registers Reported in Synthesis Report                        ; 5000               ; 5000               ;
; Number of Swept Nodes Reported in Synthesis Report                              ; 5000               ; 5000               ;
; Number of Inverted Registers Reported in Synthesis Report                       ; 100                ; 100                ;
; Clock MUX Protection                                                            ; On                 ; On                 ;
; Auto Gated Clock Conversion                                                     ; Off                ; Off                ;
; Block Design Naming                                                             ; Auto               ; Auto               ;
; SDC constraint protection                                                       ; Off                ; Off                ;
; Synthesis Effort                                                                ; Auto               ; Auto               ;
; Shift Register Replacement - Allow Asynchronous Clear Signal                    ; On                 ; On                 ;
; Pre-Mapping Resynthesis Optimization                                            ; Off                ; Off                ;
; Analysis & Synthesis Message Level                                              ; Medium             ; Medium             ;
; Disable Register Merging Across Hierarchies                                     ; Auto               ; Auto               ;
; Resource Aware Inference For Block RAM                                          ; On                 ; On                 ;
; Automatic Parallel Synthesis                                                    ; On                 ; On                 ;
; Partial Reconfiguration Bitstream ID                                            ; Off                ; Off                ;
+---------------------------------------------------------------------------------+--------------------+--------------------+


+---------------------------------+
; Analysis & Elaboration Messages ;
+---------------------------------+
Info: *******************************************************************
Info: Running Quartus Prime Analysis & Elaboration
    Info: Version 20.1.1 Build 720 11/11/2020 SJ Lite Edition
    Info: Processing started: Tue May 17 23:48:16 2022
Info: Command: quartus_map --read_settings_files=on --write_settings_files=off AES -c AES --analysis_and_elaboration
Warning (18236): Number of processors has not been specified which may cause overloading on shared machines.  Set the global assignment NUM_PARALLEL_PROCESSORS in your QSF to an appropriate value for best performance.
Info (20030): Parallel compilation is enabled and will use 6 of the 6 processors detected
Warning (10229): Verilog HDL Expression warning at AES.v(119): truncated literal to match 128 bits File: C:/Users/sicom/Desktop/University/Logic-2/Project/AES.v Line: 119
Info (12021): Found 1 design units, including 1 entities, in source file aes.v
    Info (12023): Found entity 1: AES File: C:/Users/sicom/Desktop/University/Logic-2/Project/AES.v Line: 1
Info (12021): Found 1 design units, including 1 entities, in source file aes_tb.v
    Info (12023): Found entity 1: AES_tb File: C:/Users/sicom/Desktop/University/Logic-2/Project/AES_tb.v Line: 2
Info (12021): Found 1 design units, including 1 entities, in source file sbox.v
    Info (12023): Found entity 1: Sbox File: C:/Users/sicom/Desktop/University/Logic-2/Project/Sbox.v Line: 1
Info (12021): Found 1 design units, including 1 entities, in source file sboxall.v
    Info (12023): Found entity 1: Sboxall File: C:/Users/sicom/Desktop/University/Logic-2/Project/Sboxall.v Line: 1
Info (12021): Found 1 design units, including 1 entities, in source file round.v
    Info (12023): Found entity 1: Round File: C:/Users/sicom/Desktop/University/Logic-2/Project/Round.v Line: 1
Info (12021): Found 1 design units, including 1 entities, in source file lastround.v
    Info (12023): Found entity 1: LastRound File: C:/Users/sicom/Desktop/University/Logic-2/Project/LastRound.v Line: 1
Info (12021): Found 1 design units, including 1 entities, in source file shiftrows.v
    Info (12023): Found entity 1: ShiftRows File: C:/Users/sicom/Desktop/University/Logic-2/Project/ShiftRows.v Line: 1
Warning (10229): Verilog HDL Expression warning at KeyExpansion.v(41): truncated literal to match 4 bits File: C:/Users/sicom/Desktop/University/Logic-2/Project/KeyExpansion.v Line: 41
Info (12021): Found 1 design units, including 1 entities, in source file keyexpansion.v
    Info (12023): Found entity 1: keyExpansion File: C:/Users/sicom/Desktop/University/Logic-2/Project/KeyExpansion.v Line: 1
Info (12021): Found 1 design units, including 1 entities, in source file mixcolumns.v
    Info (12023): Found entity 1: mixColumns File: C:/Users/sicom/Desktop/University/Logic-2/Project/mixColumns.v Line: 2
Info (12127): Elaborating entity "AES" for the top level hierarchy
Warning (10036): Verilog HDL or VHDL warning at AES.v(58): object "rounds" assigned a value but never read File: C:/Users/sicom/Desktop/University/Logic-2/Project/AES.v Line: 58
Warning (10036): Verilog HDL or VHDL warning at AES.v(63): object "Nk" assigned a value but never read File: C:/Users/sicom/Desktop/University/Logic-2/Project/AES.v Line: 63
Warning (10230): Verilog HDL assignment warning at AES.v(63): truncated value with size 32 to match size of target (4) File: C:/Users/sicom/Desktop/University/Logic-2/Project/AES.v Line: 63
Warning (10230): Verilog HDL assignment warning at AES.v(87): truncated value with size 32 to match size of target (7) File: C:/Users/sicom/Desktop/University/Logic-2/Project/AES.v Line: 87
Warning (10230): Verilog HDL assignment warning at AES.v(90): truncated value with size 32 to match size of target (7) File: C:/Users/sicom/Desktop/University/Logic-2/Project/AES.v Line: 90
Warning (10230): Verilog HDL assignment warning at AES.v(93): truncated value with size 32 to match size of target (7) File: C:/Users/sicom/Desktop/University/Logic-2/Project/AES.v Line: 93
Warning (10230): Verilog HDL assignment warning at AES.v(96): truncated value with size 32 to match size of target (7) File: C:/Users/sicom/Desktop/University/Logic-2/Project/AES.v Line: 96
Warning (10230): Verilog HDL assignment warning at AES.v(99): truncated value with size 32 to match size of target (7) File: C:/Users/sicom/Desktop/University/Logic-2/Project/AES.v Line: 99
Info (10264): Verilog HDL Case Statement information at AES.v(85): all case item expressions in this case statement are onehot File: C:/Users/sicom/Desktop/University/Logic-2/Project/AES.v Line: 85
Warning (10235): Verilog HDL Always Construct warning at AES.v(128): variable "state" is read inside the Always Construct but isn't in the Always Construct's Event Control File: C:/Users/sicom/Desktop/University/Logic-2/Project/AES.v Line: 128
Warning (10235): Verilog HDL Always Construct warning at AES.v(128): variable "Indata" is read inside the Always Construct but isn't in the Always Construct's Event Control File: C:/Users/sicom/Desktop/University/Logic-2/Project/AES.v Line: 128
Warning (10235): Verilog HDL Always Construct warning at AES.v(130): variable "counter" is read inside the Always Construct but isn't in the Always Construct's Event Control File: C:/Users/sicom/Desktop/University/Logic-2/Project/AES.v Line: 130
Warning (10235): Verilog HDL Always Construct warning at AES.v(137): variable "state" is read inside the Always Construct but isn't in the Always Construct's Event Control File: C:/Users/sicom/Desktop/University/Logic-2/Project/AES.v Line: 137
Warning (10235): Verilog HDL Always Construct warning at AES.v(137): variable "Indata" is read inside the Always Construct but isn't in the Always Construct's Event Control File: C:/Users/sicom/Desktop/University/Logic-2/Project/AES.v Line: 137
Warning (10235): Verilog HDL Always Construct warning at AES.v(139): variable "counter" is read inside the Always Construct but isn't in the Always Construct's Event Control File: C:/Users/sicom/Desktop/University/Logic-2/Project/AES.v Line: 139
Warning (10235): Verilog HDL Always Construct warning at AES.v(147): variable "Indata" is read inside the Always Construct but isn't in the Always Construct's Event Control File: C:/Users/sicom/Desktop/University/Logic-2/Project/AES.v Line: 147
Warning (10235): Verilog HDL Always Construct warning at AES.v(153): variable "key" is read inside the Always Construct but isn't in the Always Construct's Event Control File: C:/Users/sicom/Desktop/University/Logic-2/Project/AES.v Line: 153
Warning (10235): Verilog HDL Always Construct warning at AES.v(153): variable "Indata" is read inside the Always Construct but isn't in the Always Construct's Event Control File: C:/Users/sicom/Desktop/University/Logic-2/Project/AES.v Line: 153
Warning (10235): Verilog HDL Always Construct warning at AES.v(155): variable "counter" is read inside the Always Construct but isn't in the Always Construct's Event Control File: C:/Users/sicom/Desktop/University/Logic-2/Project/AES.v Line: 155
Warning (10235): Verilog HDL Always Construct warning at AES.v(155): variable "keybytes" is read inside the Always Construct but isn't in the Always Construct's Event Control File: C:/Users/sicom/Desktop/University/Logic-2/Project/AES.v Line: 155
Warning (10235): Verilog HDL Always Construct warning at AES.v(158): variable "keybytes" is read inside the Always Construct but isn't in the Always Construct's Event Control File: C:/Users/sicom/Desktop/University/Logic-2/Project/AES.v Line: 158
Warning (10235): Verilog HDL Always Construct warning at AES.v(159): variable "key" is read inside the Always Construct but isn't in the Always Construct's Event Control File: C:/Users/sicom/Desktop/University/Logic-2/Project/AES.v Line: 159
Warning (10235): Verilog HDL Always Construct warning at AES.v(160): variable "keybytes" is read inside the Always Construct but isn't in the Always Construct's Event Control File: C:/Users/sicom/Desktop/University/Logic-2/Project/AES.v Line: 160
Warning (10235): Verilog HDL Always Construct warning at AES.v(161): variable "key" is read inside the Always Construct but isn't in the Always Construct's Event Control File: C:/Users/sicom/Desktop/University/Logic-2/Project/AES.v Line: 161
Warning (10235): Verilog HDL Always Construct warning at AES.v(168): variable "key" is read inside the Always Construct but isn't in the Always Construct's Event Control File: C:/Users/sicom/Desktop/University/Logic-2/Project/AES.v Line: 168
Warning (10235): Verilog HDL Always Construct warning at AES.v(168): variable "Indata" is read inside the Always Construct but isn't in the Always Construct's Event Control File: C:/Users/sicom/Desktop/University/Logic-2/Project/AES.v Line: 168
Warning (10235): Verilog HDL Always Construct warning at AES.v(170): variable "counter" is read inside the Always Construct but isn't in the Always Construct's Event Control File: C:/Users/sicom/Desktop/University/Logic-2/Project/AES.v Line: 170
Warning (10235): Verilog HDL Always Construct warning at AES.v(170): variable "keybytes" is read inside the Always Construct but isn't in the Always Construct's Event Control File: C:/Users/sicom/Desktop/University/Logic-2/Project/AES.v Line: 170
Warning (10235): Verilog HDL Always Construct warning at AES.v(174): variable "keybytes" is read inside the Always Construct but isn't in the Always Construct's Event Control File: C:/Users/sicom/Desktop/University/Logic-2/Project/AES.v Line: 174
Warning (10235): Verilog HDL Always Construct warning at AES.v(175): variable "key" is read inside the Always Construct but isn't in the Always Construct's Event Control File: C:/Users/sicom/Desktop/University/Logic-2/Project/AES.v Line: 175
Warning (10235): Verilog HDL Always Construct warning at AES.v(176): variable "keybytes" is read inside the Always Construct but isn't in the Always Construct's Event Control File: C:/Users/sicom/Desktop/University/Logic-2/Project/AES.v Line: 176
Warning (10235): Verilog HDL Always Construct warning at AES.v(177): variable "key" is read inside the Always Construct but isn't in the Always Construct's Event Control File: C:/Users/sicom/Desktop/University/Logic-2/Project/AES.v Line: 177
Warning (10235): Verilog HDL Always Construct warning at AES.v(184): variable "Indata" is read inside the Always Construct but isn't in the Always Construct's Event Control File: C:/Users/sicom/Desktop/University/Logic-2/Project/AES.v Line: 184
Warning (10235): Verilog HDL Always Construct warning at AES.v(195): variable "state" is read inside the Always Construct but isn't in the Always Construct's Event Control File: C:/Users/sicom/Desktop/University/Logic-2/Project/AES.v Line: 195
Warning (10235): Verilog HDL Always Construct warning at AES.v(195): variable "key" is read inside the Always Construct but isn't in the Always Construct's Event Control File: C:/Users/sicom/Desktop/University/Logic-2/Project/AES.v Line: 195
Warning (10235): Verilog HDL Always Construct warning at AES.v(201): variable "subBytes" is read inside the Always Construct but isn't in the Always Construct's Event Control File: C:/Users/sicom/Desktop/University/Logic-2/Project/AES.v Line: 201
Warning (10235): Verilog HDL Always Construct warning at AES.v(208): variable "shiftRows" is read inside the Always Construct but isn't in the Always Construct's Event Control File: C:/Users/sicom/Desktop/University/Logic-2/Project/AES.v Line: 208
Warning (10235): Verilog HDL Always Construct warning at AES.v(214): variable "mixColumns" is read inside the Always Construct but isn't in the Always Construct's Event Control File: C:/Users/sicom/Desktop/University/Logic-2/Project/AES.v Line: 214
Warning (10235): Verilog HDL Always Construct warning at AES.v(219): variable "keyExpansion" is read inside the Always Construct but isn't in the Always Construct's Event Control File: C:/Users/sicom/Desktop/University/Logic-2/Project/AES.v Line: 219
Warning (10272): Verilog HDL Case Statement warning at AES.v(236): case item expression covers a value already covered by a previous case item File: C:/Users/sicom/Desktop/University/Logic-2/Project/AES.v Line: 236
Warning (10240): Verilog HDL Always Construct warning at AES.v(110): inferring latch(es) for variable "state_next", which holds its previous value in one or more paths through the always construct File: C:/Users/sicom/Desktop/University/Logic-2/Project/AES.v Line: 110
Warning (10240): Verilog HDL Always Construct warning at AES.v(110): inferring latch(es) for variable "state", which holds its previous value in one or more paths through the always construct File: C:/Users/sicom/Desktop/University/Logic-2/Project/AES.v Line: 110
Warning (10240): Verilog HDL Always Construct warning at AES.v(110): inferring latch(es) for variable "key", which holds its previous value in one or more paths through the always construct File: C:/Users/sicom/Desktop/University/Logic-2/Project/AES.v Line: 110
Warning (10240): Verilog HDL Always Construct warning at AES.v(110): inferring latch(es) for variable "keybytes", which holds its previous value in one or more paths through the always construct File: C:/Users/sicom/Desktop/University/Logic-2/Project/AES.v Line: 110
Info (10041): Inferred latch for "keybytes[0]" at AES.v(110) File: C:/Users/sicom/Desktop/University/Logic-2/Project/AES.v Line: 110
Info (10041): Inferred latch for "keybytes[1]" at AES.v(110) File: C:/Users/sicom/Desktop/University/Logic-2/Project/AES.v Line: 110
Info (10041): Inferred latch for "keybytes[2]" at AES.v(110) File: C:/Users/sicom/Desktop/University/Logic-2/Project/AES.v Line: 110
Info (10041): Inferred latch for "keybytes[3]" at AES.v(110) File: C:/Users/sicom/Desktop/University/Logic-2/Project/AES.v Line: 110
Info (10041): Inferred latch for "keybytes[4]" at AES.v(110) File: C:/Users/sicom/Desktop/University/Logic-2/Project/AES.v Line: 110
Info (10041): Inferred latch for "keybytes[5]" at AES.v(110) File: C:/Users/sicom/Desktop/University/Logic-2/Project/AES.v Line: 110
Info (10041): Inferred latch for "keybytes[6]" at AES.v(110) File: C:/Users/sicom/Desktop/University/Logic-2/Project/AES.v Line: 110
Info (10041): Inferred latch for "key[0]" at AES.v(110) File: C:/Users/sicom/Desktop/University/Logic-2/Project/AES.v Line: 110
Info (10041): Inferred latch for "key[1]" at AES.v(110) File: C:/Users/sicom/Desktop/University/Logic-2/Project/AES.v Line: 110
Info (10041): Inferred latch for "key[2]" at AES.v(110) File: C:/Users/sicom/Desktop/University/Logic-2/Project/AES.v Line: 110
Info (10041): Inferred latch for "key[3]" at AES.v(110) File: C:/Users/sicom/Desktop/University/Logic-2/Project/AES.v Line: 110
Info (10041): Inferred latch for "key[4]" at AES.v(110) File: C:/Users/sicom/Desktop/University/Logic-2/Project/AES.v Line: 110
Info (10041): Inferred latch for "key[5]" at AES.v(110) File: C:/Users/sicom/Desktop/University/Logic-2/Project/AES.v Line: 110
Info (10041): Inferred latch for "key[6]" at AES.v(110) File: C:/Users/sicom/Desktop/University/Logic-2/Project/AES.v Line: 110
Info (10041): Inferred latch for "key[7]" at AES.v(110) File: C:/Users/sicom/Desktop/University/Logic-2/Project/AES.v Line: 110
Info (10041): Inferred latch for "key[8]" at AES.v(110) File: C:/Users/sicom/Desktop/University/Logic-2/Project/AES.v Line: 110
Info (10041): Inferred latch for "key[9]" at AES.v(110) File: C:/Users/sicom/Desktop/University/Logic-2/Project/AES.v Line: 110
Info (10041): Inferred latch for "key[10]" at AES.v(110) File: C:/Users/sicom/Desktop/University/Logic-2/Project/AES.v Line: 110
Info (10041): Inferred latch for "key[11]" at AES.v(110) File: C:/Users/sicom/Desktop/University/Logic-2/Project/AES.v Line: 110
Info (10041): Inferred latch for "key[12]" at AES.v(110) File: C:/Users/sicom/Desktop/University/Logic-2/Project/AES.v Line: 110
Info (10041): Inferred latch for "key[13]" at AES.v(110) File: C:/Users/sicom/Desktop/University/Logic-2/Project/AES.v Line: 110
Info (10041): Inferred latch for "key[14]" at AES.v(110) File: C:/Users/sicom/Desktop/University/Logic-2/Project/AES.v Line: 110
Info (10041): Inferred latch for "key[15]" at AES.v(110) File: C:/Users/sicom/Desktop/University/Logic-2/Project/AES.v Line: 110
Info (10041): Inferred latch for "key[16]" at AES.v(110) File: C:/Users/sicom/Desktop/University/Logic-2/Project/AES.v Line: 110
Info (10041): Inferred latch for "key[17]" at AES.v(110) File: C:/Users/sicom/Desktop/University/Logic-2/Project/AES.v Line: 110
Info (10041): Inferred latch for "key[18]" at AES.v(110) File: C:/Users/sicom/Desktop/University/Logic-2/Project/AES.v Line: 110
Info (10041): Inferred latch for "key[19]" at AES.v(110) File: C:/Users/sicom/Desktop/University/Logic-2/Project/AES.v Line: 110
Info (10041): Inferred latch for "key[20]" at AES.v(110) File: C:/Users/sicom/Desktop/University/Logic-2/Project/AES.v Line: 110
Info (10041): Inferred latch for "key[21]" at AES.v(110) File: C:/Users/sicom/Desktop/University/Logic-2/Project/AES.v Line: 110
Info (10041): Inferred latch for "key[22]" at AES.v(110) File: C:/Users/sicom/Desktop/University/Logic-2/Project/AES.v Line: 110
Info (10041): Inferred latch for "key[23]" at AES.v(110) File: C:/Users/sicom/Desktop/University/Logic-2/Project/AES.v Line: 110
Info (10041): Inferred latch for "key[24]" at AES.v(110) File: C:/Users/sicom/Desktop/University/Logic-2/Project/AES.v Line: 110
Info (10041): Inferred latch for "key[25]" at AES.v(110) File: C:/Users/sicom/Desktop/University/Logic-2/Project/AES.v Line: 110
Info (10041): Inferred latch for "key[26]" at AES.v(110) File: C:/Users/sicom/Desktop/University/Logic-2/Project/AES.v Line: 110
Info (10041): Inferred latch for "key[27]" at AES.v(110) File: C:/Users/sicom/Desktop/University/Logic-2/Project/AES.v Line: 110
Info (10041): Inferred latch for "key[28]" at AES.v(110) File: C:/Users/sicom/Desktop/University/Logic-2/Project/AES.v Line: 110
Info (10041): Inferred latch for "key[29]" at AES.v(110) File: C:/Users/sicom/Desktop/University/Logic-2/Project/AES.v Line: 110
Info (10041): Inferred latch for "key[30]" at AES.v(110) File: C:/Users/sicom/Desktop/University/Logic-2/Project/AES.v Line: 110
Info (10041): Inferred latch for "key[31]" at AES.v(110) File: C:/Users/sicom/Desktop/University/Logic-2/Project/AES.v Line: 110
Info (10041): Inferred latch for "key[32]" at AES.v(110) File: C:/Users/sicom/Desktop/University/Logic-2/Project/AES.v Line: 110
Info (10041): Inferred latch for "key[33]" at AES.v(110) File: C:/Users/sicom/Desktop/University/Logic-2/Project/AES.v Line: 110
Info (10041): Inferred latch for "key[34]" at AES.v(110) File: C:/Users/sicom/Desktop/University/Logic-2/Project/AES.v Line: 110
Info (10041): Inferred latch for "key[35]" at AES.v(110) File: C:/Users/sicom/Desktop/University/Logic-2/Project/AES.v Line: 110
Info (10041): Inferred latch for "key[36]" at AES.v(110) File: C:/Users/sicom/Desktop/University/Logic-2/Project/AES.v Line: 110
Info (10041): Inferred latch for "key[37]" at AES.v(110) File: C:/Users/sicom/Desktop/University/Logic-2/Project/AES.v Line: 110
Info (10041): Inferred latch for "key[38]" at AES.v(110) File: C:/Users/sicom/Desktop/University/Logic-2/Project/AES.v Line: 110
Info (10041): Inferred latch for "key[39]" at AES.v(110) File: C:/Users/sicom/Desktop/University/Logic-2/Project/AES.v Line: 110
Info (10041): Inferred latch for "key[40]" at AES.v(110) File: C:/Users/sicom/Desktop/University/Logic-2/Project/AES.v Line: 110
Info (10041): Inferred latch for "key[41]" at AES.v(110) File: C:/Users/sicom/Desktop/University/Logic-2/Project/AES.v Line: 110
Info (10041): Inferred latch for "key[42]" at AES.v(110) File: C:/Users/sicom/Desktop/University/Logic-2/Project/AES.v Line: 110
Info (10041): Inferred latch for "key[43]" at AES.v(110) File: C:/Users/sicom/Desktop/University/Logic-2/Project/AES.v Line: 110
Info (10041): Inferred latch for "key[44]" at AES.v(110) File: C:/Users/sicom/Desktop/University/Logic-2/Project/AES.v Line: 110
Info (10041): Inferred latch for "key[45]" at AES.v(110) File: C:/Users/sicom/Desktop/University/Logic-2/Project/AES.v Line: 110
Info (10041): Inferred latch for "key[46]" at AES.v(110) File: C:/Users/sicom/Desktop/University/Logic-2/Project/AES.v Line: 110
Info (10041): Inferred latch for "key[47]" at AES.v(110) File: C:/Users/sicom/Desktop/University/Logic-2/Project/AES.v Line: 110
Info (10041): Inferred latch for "key[48]" at AES.v(110) File: C:/Users/sicom/Desktop/University/Logic-2/Project/AES.v Line: 110
Info (10041): Inferred latch for "key[49]" at AES.v(110) File: C:/Users/sicom/Desktop/University/Logic-2/Project/AES.v Line: 110
Info (10041): Inferred latch for "key[50]" at AES.v(110) File: C:/Users/sicom/Desktop/University/Logic-2/Project/AES.v Line: 110
Info (10041): Inferred latch for "key[51]" at AES.v(110) File: C:/Users/sicom/Desktop/University/Logic-2/Project/AES.v Line: 110
Info (10041): Inferred latch for "key[52]" at AES.v(110) File: C:/Users/sicom/Desktop/University/Logic-2/Project/AES.v Line: 110
Info (10041): Inferred latch for "key[53]" at AES.v(110) File: C:/Users/sicom/Desktop/University/Logic-2/Project/AES.v Line: 110
Info (10041): Inferred latch for "key[54]" at AES.v(110) File: C:/Users/sicom/Desktop/University/Logic-2/Project/AES.v Line: 110
Info (10041): Inferred latch for "key[55]" at AES.v(110) File: C:/Users/sicom/Desktop/University/Logic-2/Project/AES.v Line: 110
Info (10041): Inferred latch for "key[56]" at AES.v(110) File: C:/Users/sicom/Desktop/University/Logic-2/Project/AES.v Line: 110
Info (10041): Inferred latch for "key[57]" at AES.v(110) File: C:/Users/sicom/Desktop/University/Logic-2/Project/AES.v Line: 110
Info (10041): Inferred latch for "key[58]" at AES.v(110) File: C:/Users/sicom/Desktop/University/Logic-2/Project/AES.v Line: 110
Info (10041): Inferred latch for "key[59]" at AES.v(110) File: C:/Users/sicom/Desktop/University/Logic-2/Project/AES.v Line: 110
Info (10041): Inferred latch for "key[60]" at AES.v(110) File: C:/Users/sicom/Desktop/University/Logic-2/Project/AES.v Line: 110
Info (10041): Inferred latch for "key[61]" at AES.v(110) File: C:/Users/sicom/Desktop/University/Logic-2/Project/AES.v Line: 110
Info (10041): Inferred latch for "key[62]" at AES.v(110) File: C:/Users/sicom/Desktop/University/Logic-2/Project/AES.v Line: 110
Info (10041): Inferred latch for "key[63]" at AES.v(110) File: C:/Users/sicom/Desktop/University/Logic-2/Project/AES.v Line: 110
Info (10041): Inferred latch for "key[64]" at AES.v(110) File: C:/Users/sicom/Desktop/University/Logic-2/Project/AES.v Line: 110
Info (10041): Inferred latch for "key[65]" at AES.v(110) File: C:/Users/sicom/Desktop/University/Logic-2/Project/AES.v Line: 110
Info (10041): Inferred latch for "key[66]" at AES.v(110) File: C:/Users/sicom/Desktop/University/Logic-2/Project/AES.v Line: 110
Info (10041): Inferred latch for "key[67]" at AES.v(110) File: C:/Users/sicom/Desktop/University/Logic-2/Project/AES.v Line: 110
Info (10041): Inferred latch for "key[68]" at AES.v(110) File: C:/Users/sicom/Desktop/University/Logic-2/Project/AES.v Line: 110
Info (10041): Inferred latch for "key[69]" at AES.v(110) File: C:/Users/sicom/Desktop/University/Logic-2/Project/AES.v Line: 110
Info (10041): Inferred latch for "key[70]" at AES.v(110) File: C:/Users/sicom/Desktop/University/Logic-2/Project/AES.v Line: 110
Info (10041): Inferred latch for "key[71]" at AES.v(110) File: C:/Users/sicom/Desktop/University/Logic-2/Project/AES.v Line: 110
Info (10041): Inferred latch for "key[72]" at AES.v(110) File: C:/Users/sicom/Desktop/University/Logic-2/Project/AES.v Line: 110
Info (10041): Inferred latch for "key[73]" at AES.v(110) File: C:/Users/sicom/Desktop/University/Logic-2/Project/AES.v Line: 110
Info (10041): Inferred latch for "key[74]" at AES.v(110) File: C:/Users/sicom/Desktop/University/Logic-2/Project/AES.v Line: 110
Info (10041): Inferred latch for "key[75]" at AES.v(110) File: C:/Users/sicom/Desktop/University/Logic-2/Project/AES.v Line: 110
Info (10041): Inferred latch for "key[76]" at AES.v(110) File: C:/Users/sicom/Desktop/University/Logic-2/Project/AES.v Line: 110
Info (10041): Inferred latch for "key[77]" at AES.v(110) File: C:/Users/sicom/Desktop/University/Logic-2/Project/AES.v Line: 110
Info (10041): Inferred latch for "key[78]" at AES.v(110) File: C:/Users/sicom/Desktop/University/Logic-2/Project/AES.v Line: 110
Info (10041): Inferred latch for "key[79]" at AES.v(110) File: C:/Users/sicom/Desktop/University/Logic-2/Project/AES.v Line: 110
Info (10041): Inferred latch for "key[80]" at AES.v(110) File: C:/Users/sicom/Desktop/University/Logic-2/Project/AES.v Line: 110
Info (10041): Inferred latch for "key[81]" at AES.v(110) File: C:/Users/sicom/Desktop/University/Logic-2/Project/AES.v Line: 110
Info (10041): Inferred latch for "key[82]" at AES.v(110) File: C:/Users/sicom/Desktop/University/Logic-2/Project/AES.v Line: 110
Info (10041): Inferred latch for "key[83]" at AES.v(110) File: C:/Users/sicom/Desktop/University/Logic-2/Project/AES.v Line: 110
Info (10041): Inferred latch for "key[84]" at AES.v(110) File: C:/Users/sicom/Desktop/University/Logic-2/Project/AES.v Line: 110
Info (10041): Inferred latch for "key[85]" at AES.v(110) File: C:/Users/sicom/Desktop/University/Logic-2/Project/AES.v Line: 110
Info (10041): Inferred latch for "key[86]" at AES.v(110) File: C:/Users/sicom/Desktop/University/Logic-2/Project/AES.v Line: 110
Info (10041): Inferred latch for "key[87]" at AES.v(110) File: C:/Users/sicom/Desktop/University/Logic-2/Project/AES.v Line: 110
Info (10041): Inferred latch for "key[88]" at AES.v(110) File: C:/Users/sicom/Desktop/University/Logic-2/Project/AES.v Line: 110
Info (10041): Inferred latch for "key[89]" at AES.v(110) File: C:/Users/sicom/Desktop/University/Logic-2/Project/AES.v Line: 110
Info (10041): Inferred latch for "key[90]" at AES.v(110) File: C:/Users/sicom/Desktop/University/Logic-2/Project/AES.v Line: 110
Info (10041): Inferred latch for "key[91]" at AES.v(110) File: C:/Users/sicom/Desktop/University/Logic-2/Project/AES.v Line: 110
Info (10041): Inferred latch for "key[92]" at AES.v(110) File: C:/Users/sicom/Desktop/University/Logic-2/Project/AES.v Line: 110
Info (10041): Inferred latch for "key[93]" at AES.v(110) File: C:/Users/sicom/Desktop/University/Logic-2/Project/AES.v Line: 110
Info (10041): Inferred latch for "key[94]" at AES.v(110) File: C:/Users/sicom/Desktop/University/Logic-2/Project/AES.v Line: 110
Info (10041): Inferred latch for "key[95]" at AES.v(110) File: C:/Users/sicom/Desktop/University/Logic-2/Project/AES.v Line: 110
Info (10041): Inferred latch for "key[96]" at AES.v(110) File: C:/Users/sicom/Desktop/University/Logic-2/Project/AES.v Line: 110
Info (10041): Inferred latch for "key[97]" at AES.v(110) File: C:/Users/sicom/Desktop/University/Logic-2/Project/AES.v Line: 110
Info (10041): Inferred latch for "key[98]" at AES.v(110) File: C:/Users/sicom/Desktop/University/Logic-2/Project/AES.v Line: 110
Info (10041): Inferred latch for "key[99]" at AES.v(110) File: C:/Users/sicom/Desktop/University/Logic-2/Project/AES.v Line: 110
Info (10041): Inferred latch for "key[100]" at AES.v(110) File: C:/Users/sicom/Desktop/University/Logic-2/Project/AES.v Line: 110
Info (10041): Inferred latch for "key[101]" at AES.v(110) File: C:/Users/sicom/Desktop/University/Logic-2/Project/AES.v Line: 110
Info (10041): Inferred latch for "key[102]" at AES.v(110) File: C:/Users/sicom/Desktop/University/Logic-2/Project/AES.v Line: 110
Info (10041): Inferred latch for "key[103]" at AES.v(110) File: C:/Users/sicom/Desktop/University/Logic-2/Project/AES.v Line: 110
Info (10041): Inferred latch for "key[104]" at AES.v(110) File: C:/Users/sicom/Desktop/University/Logic-2/Project/AES.v Line: 110
Info (10041): Inferred latch for "key[105]" at AES.v(110) File: C:/Users/sicom/Desktop/University/Logic-2/Project/AES.v Line: 110
Info (10041): Inferred latch for "key[106]" at AES.v(110) File: C:/Users/sicom/Desktop/University/Logic-2/Project/AES.v Line: 110
Info (10041): Inferred latch for "key[107]" at AES.v(110) File: C:/Users/sicom/Desktop/University/Logic-2/Project/AES.v Line: 110
Info (10041): Inferred latch for "key[108]" at AES.v(110) File: C:/Users/sicom/Desktop/University/Logic-2/Project/AES.v Line: 110
Info (10041): Inferred latch for "key[109]" at AES.v(110) File: C:/Users/sicom/Desktop/University/Logic-2/Project/AES.v Line: 110
Info (10041): Inferred latch for "key[110]" at AES.v(110) File: C:/Users/sicom/Desktop/University/Logic-2/Project/AES.v Line: 110
Info (10041): Inferred latch for "key[111]" at AES.v(110) File: C:/Users/sicom/Desktop/University/Logic-2/Project/AES.v Line: 110
Info (10041): Inferred latch for "key[112]" at AES.v(110) File: C:/Users/sicom/Desktop/University/Logic-2/Project/AES.v Line: 110
Info (10041): Inferred latch for "key[113]" at AES.v(110) File: C:/Users/sicom/Desktop/University/Logic-2/Project/AES.v Line: 110
Info (10041): Inferred latch for "key[114]" at AES.v(110) File: C:/Users/sicom/Desktop/University/Logic-2/Project/AES.v Line: 110
Info (10041): Inferred latch for "key[115]" at AES.v(110) File: C:/Users/sicom/Desktop/University/Logic-2/Project/AES.v Line: 110
Info (10041): Inferred latch for "key[116]" at AES.v(110) File: C:/Users/sicom/Desktop/University/Logic-2/Project/AES.v Line: 110
Info (10041): Inferred latch for "key[117]" at AES.v(110) File: C:/Users/sicom/Desktop/University/Logic-2/Project/AES.v Line: 110
Info (10041): Inferred latch for "key[118]" at AES.v(110) File: C:/Users/sicom/Desktop/University/Logic-2/Project/AES.v Line: 110
Info (10041): Inferred latch for "key[119]" at AES.v(110) File: C:/Users/sicom/Desktop/University/Logic-2/Project/AES.v Line: 110
Info (10041): Inferred latch for "key[120]" at AES.v(110) File: C:/Users/sicom/Desktop/University/Logic-2/Project/AES.v Line: 110
Info (10041): Inferred latch for "key[121]" at AES.v(110) File: C:/Users/sicom/Desktop/University/Logic-2/Project/AES.v Line: 110
Info (10041): Inferred latch for "key[122]" at AES.v(110) File: C:/Users/sicom/Desktop/University/Logic-2/Project/AES.v Line: 110
Info (10041): Inferred latch for "key[123]" at AES.v(110) File: C:/Users/sicom/Desktop/University/Logic-2/Project/AES.v Line: 110
Info (10041): Inferred latch for "key[124]" at AES.v(110) File: C:/Users/sicom/Desktop/University/Logic-2/Project/AES.v Line: 110
Info (10041): Inferred latch for "key[125]" at AES.v(110) File: C:/Users/sicom/Desktop/University/Logic-2/Project/AES.v Line: 110
Info (10041): Inferred latch for "key[126]" at AES.v(110) File: C:/Users/sicom/Desktop/University/Logic-2/Project/AES.v Line: 110
Info (10041): Inferred latch for "key[127]" at AES.v(110) File: C:/Users/sicom/Desktop/University/Logic-2/Project/AES.v Line: 110
Info (10041): Inferred latch for "key[128]" at AES.v(110) File: C:/Users/sicom/Desktop/University/Logic-2/Project/AES.v Line: 110
Info (10041): Inferred latch for "key[129]" at AES.v(110) File: C:/Users/sicom/Desktop/University/Logic-2/Project/AES.v Line: 110
Info (10041): Inferred latch for "key[130]" at AES.v(110) File: C:/Users/sicom/Desktop/University/Logic-2/Project/AES.v Line: 110
Info (10041): Inferred latch for "key[131]" at AES.v(110) File: C:/Users/sicom/Desktop/University/Logic-2/Project/AES.v Line: 110
Info (10041): Inferred latch for "key[132]" at AES.v(110) File: C:/Users/sicom/Desktop/University/Logic-2/Project/AES.v Line: 110
Info (10041): Inferred latch for "key[133]" at AES.v(110) File: C:/Users/sicom/Desktop/University/Logic-2/Project/AES.v Line: 110
Info (10041): Inferred latch for "key[134]" at AES.v(110) File: C:/Users/sicom/Desktop/University/Logic-2/Project/AES.v Line: 110
Info (10041): Inferred latch for "key[135]" at AES.v(110) File: C:/Users/sicom/Desktop/University/Logic-2/Project/AES.v Line: 110
Info (10041): Inferred latch for "key[136]" at AES.v(110) File: C:/Users/sicom/Desktop/University/Logic-2/Project/AES.v Line: 110
Info (10041): Inferred latch for "key[137]" at AES.v(110) File: C:/Users/sicom/Desktop/University/Logic-2/Project/AES.v Line: 110
Info (10041): Inferred latch for "key[138]" at AES.v(110) File: C:/Users/sicom/Desktop/University/Logic-2/Project/AES.v Line: 110
Info (10041): Inferred latch for "key[139]" at AES.v(110) File: C:/Users/sicom/Desktop/University/Logic-2/Project/AES.v Line: 110
Info (10041): Inferred latch for "key[140]" at AES.v(110) File: C:/Users/sicom/Desktop/University/Logic-2/Project/AES.v Line: 110
Info (10041): Inferred latch for "key[141]" at AES.v(110) File: C:/Users/sicom/Desktop/University/Logic-2/Project/AES.v Line: 110
Info (10041): Inferred latch for "key[142]" at AES.v(110) File: C:/Users/sicom/Desktop/University/Logic-2/Project/AES.v Line: 110
Info (10041): Inferred latch for "key[143]" at AES.v(110) File: C:/Users/sicom/Desktop/University/Logic-2/Project/AES.v Line: 110
Info (10041): Inferred latch for "key[144]" at AES.v(110) File: C:/Users/sicom/Desktop/University/Logic-2/Project/AES.v Line: 110
Info (10041): Inferred latch for "key[145]" at AES.v(110) File: C:/Users/sicom/Desktop/University/Logic-2/Project/AES.v Line: 110
Info (10041): Inferred latch for "key[146]" at AES.v(110) File: C:/Users/sicom/Desktop/University/Logic-2/Project/AES.v Line: 110
Info (10041): Inferred latch for "key[147]" at AES.v(110) File: C:/Users/sicom/Desktop/University/Logic-2/Project/AES.v Line: 110
Info (10041): Inferred latch for "key[148]" at AES.v(110) File: C:/Users/sicom/Desktop/University/Logic-2/Project/AES.v Line: 110
Info (10041): Inferred latch for "key[149]" at AES.v(110) File: C:/Users/sicom/Desktop/University/Logic-2/Project/AES.v Line: 110
Info (10041): Inferred latch for "key[150]" at AES.v(110) File: C:/Users/sicom/Desktop/University/Logic-2/Project/AES.v Line: 110
Info (10041): Inferred latch for "key[151]" at AES.v(110) File: C:/Users/sicom/Desktop/University/Logic-2/Project/AES.v Line: 110
Info (10041): Inferred latch for "key[152]" at AES.v(110) File: C:/Users/sicom/Desktop/University/Logic-2/Project/AES.v Line: 110
Info (10041): Inferred latch for "key[153]" at AES.v(110) File: C:/Users/sicom/Desktop/University/Logic-2/Project/AES.v Line: 110
Info (10041): Inferred latch for "key[154]" at AES.v(110) File: C:/Users/sicom/Desktop/University/Logic-2/Project/AES.v Line: 110
Info (10041): Inferred latch for "key[155]" at AES.v(110) File: C:/Users/sicom/Desktop/University/Logic-2/Project/AES.v Line: 110
Info (10041): Inferred latch for "key[156]" at AES.v(110) File: C:/Users/sicom/Desktop/University/Logic-2/Project/AES.v Line: 110
Info (10041): Inferred latch for "key[157]" at AES.v(110) File: C:/Users/sicom/Desktop/University/Logic-2/Project/AES.v Line: 110
Info (10041): Inferred latch for "key[158]" at AES.v(110) File: C:/Users/sicom/Desktop/University/Logic-2/Project/AES.v Line: 110
Info (10041): Inferred latch for "key[159]" at AES.v(110) File: C:/Users/sicom/Desktop/University/Logic-2/Project/AES.v Line: 110
Info (10041): Inferred latch for "key[160]" at AES.v(110) File: C:/Users/sicom/Desktop/University/Logic-2/Project/AES.v Line: 110
Info (10041): Inferred latch for "key[161]" at AES.v(110) File: C:/Users/sicom/Desktop/University/Logic-2/Project/AES.v Line: 110
Info (10041): Inferred latch for "key[162]" at AES.v(110) File: C:/Users/sicom/Desktop/University/Logic-2/Project/AES.v Line: 110
Info (10041): Inferred latch for "key[163]" at AES.v(110) File: C:/Users/sicom/Desktop/University/Logic-2/Project/AES.v Line: 110
Info (10041): Inferred latch for "key[164]" at AES.v(110) File: C:/Users/sicom/Desktop/University/Logic-2/Project/AES.v Line: 110
Info (10041): Inferred latch for "key[165]" at AES.v(110) File: C:/Users/sicom/Desktop/University/Logic-2/Project/AES.v Line: 110
Info (10041): Inferred latch for "key[166]" at AES.v(110) File: C:/Users/sicom/Desktop/University/Logic-2/Project/AES.v Line: 110
Info (10041): Inferred latch for "key[167]" at AES.v(110) File: C:/Users/sicom/Desktop/University/Logic-2/Project/AES.v Line: 110
Info (10041): Inferred latch for "key[168]" at AES.v(110) File: C:/Users/sicom/Desktop/University/Logic-2/Project/AES.v Line: 110
Info (10041): Inferred latch for "key[169]" at AES.v(110) File: C:/Users/sicom/Desktop/University/Logic-2/Project/AES.v Line: 110
Info (10041): Inferred latch for "key[170]" at AES.v(110) File: C:/Users/sicom/Desktop/University/Logic-2/Project/AES.v Line: 110
Info (10041): Inferred latch for "key[171]" at AES.v(110) File: C:/Users/sicom/Desktop/University/Logic-2/Project/AES.v Line: 110
Info (10041): Inferred latch for "key[172]" at AES.v(110) File: C:/Users/sicom/Desktop/University/Logic-2/Project/AES.v Line: 110
Info (10041): Inferred latch for "key[173]" at AES.v(110) File: C:/Users/sicom/Desktop/University/Logic-2/Project/AES.v Line: 110
Info (10041): Inferred latch for "key[174]" at AES.v(110) File: C:/Users/sicom/Desktop/University/Logic-2/Project/AES.v Line: 110
Info (10041): Inferred latch for "key[175]" at AES.v(110) File: C:/Users/sicom/Desktop/University/Logic-2/Project/AES.v Line: 110
Info (10041): Inferred latch for "key[176]" at AES.v(110) File: C:/Users/sicom/Desktop/University/Logic-2/Project/AES.v Line: 110
Info (10041): Inferred latch for "key[177]" at AES.v(110) File: C:/Users/sicom/Desktop/University/Logic-2/Project/AES.v Line: 110
Info (10041): Inferred latch for "key[178]" at AES.v(110) File: C:/Users/sicom/Desktop/University/Logic-2/Project/AES.v Line: 110
Info (10041): Inferred latch for "key[179]" at AES.v(110) File: C:/Users/sicom/Desktop/University/Logic-2/Project/AES.v Line: 110
Info (10041): Inferred latch for "key[180]" at AES.v(110) File: C:/Users/sicom/Desktop/University/Logic-2/Project/AES.v Line: 110
Info (10041): Inferred latch for "key[181]" at AES.v(110) File: C:/Users/sicom/Desktop/University/Logic-2/Project/AES.v Line: 110
Info (10041): Inferred latch for "key[182]" at AES.v(110) File: C:/Users/sicom/Desktop/University/Logic-2/Project/AES.v Line: 110
Info (10041): Inferred latch for "key[183]" at AES.v(110) File: C:/Users/sicom/Desktop/University/Logic-2/Project/AES.v Line: 110
Info (10041): Inferred latch for "key[184]" at AES.v(110) File: C:/Users/sicom/Desktop/University/Logic-2/Project/AES.v Line: 110
Info (10041): Inferred latch for "key[185]" at AES.v(110) File: C:/Users/sicom/Desktop/University/Logic-2/Project/AES.v Line: 110
Info (10041): Inferred latch for "key[186]" at AES.v(110) File: C:/Users/sicom/Desktop/University/Logic-2/Project/AES.v Line: 110
Info (10041): Inferred latch for "key[187]" at AES.v(110) File: C:/Users/sicom/Desktop/University/Logic-2/Project/AES.v Line: 110
Info (10041): Inferred latch for "key[188]" at AES.v(110) File: C:/Users/sicom/Desktop/University/Logic-2/Project/AES.v Line: 110
Info (10041): Inferred latch for "key[189]" at AES.v(110) File: C:/Users/sicom/Desktop/University/Logic-2/Project/AES.v Line: 110
Info (10041): Inferred latch for "key[190]" at AES.v(110) File: C:/Users/sicom/Desktop/University/Logic-2/Project/AES.v Line: 110
Info (10041): Inferred latch for "key[191]" at AES.v(110) File: C:/Users/sicom/Desktop/University/Logic-2/Project/AES.v Line: 110
Info (10041): Inferred latch for "key[192]" at AES.v(110) File: C:/Users/sicom/Desktop/University/Logic-2/Project/AES.v Line: 110
Info (10041): Inferred latch for "key[193]" at AES.v(110) File: C:/Users/sicom/Desktop/University/Logic-2/Project/AES.v Line: 110
Info (10041): Inferred latch for "key[194]" at AES.v(110) File: C:/Users/sicom/Desktop/University/Logic-2/Project/AES.v Line: 110
Info (10041): Inferred latch for "key[195]" at AES.v(110) File: C:/Users/sicom/Desktop/University/Logic-2/Project/AES.v Line: 110
Info (10041): Inferred latch for "key[196]" at AES.v(110) File: C:/Users/sicom/Desktop/University/Logic-2/Project/AES.v Line: 110
Info (10041): Inferred latch for "key[197]" at AES.v(110) File: C:/Users/sicom/Desktop/University/Logic-2/Project/AES.v Line: 110
Info (10041): Inferred latch for "key[198]" at AES.v(110) File: C:/Users/sicom/Desktop/University/Logic-2/Project/AES.v Line: 110
Info (10041): Inferred latch for "key[199]" at AES.v(110) File: C:/Users/sicom/Desktop/University/Logic-2/Project/AES.v Line: 110
Info (10041): Inferred latch for "key[200]" at AES.v(110) File: C:/Users/sicom/Desktop/University/Logic-2/Project/AES.v Line: 110
Info (10041): Inferred latch for "key[201]" at AES.v(110) File: C:/Users/sicom/Desktop/University/Logic-2/Project/AES.v Line: 110
Info (10041): Inferred latch for "key[202]" at AES.v(110) File: C:/Users/sicom/Desktop/University/Logic-2/Project/AES.v Line: 110
Info (10041): Inferred latch for "key[203]" at AES.v(110) File: C:/Users/sicom/Desktop/University/Logic-2/Project/AES.v Line: 110
Info (10041): Inferred latch for "key[204]" at AES.v(110) File: C:/Users/sicom/Desktop/University/Logic-2/Project/AES.v Line: 110
Info (10041): Inferred latch for "key[205]" at AES.v(110) File: C:/Users/sicom/Desktop/University/Logic-2/Project/AES.v Line: 110
Info (10041): Inferred latch for "key[206]" at AES.v(110) File: C:/Users/sicom/Desktop/University/Logic-2/Project/AES.v Line: 110
Info (10041): Inferred latch for "key[207]" at AES.v(110) File: C:/Users/sicom/Desktop/University/Logic-2/Project/AES.v Line: 110
Info (10041): Inferred latch for "key[208]" at AES.v(110) File: C:/Users/sicom/Desktop/University/Logic-2/Project/AES.v Line: 110
Info (10041): Inferred latch for "key[209]" at AES.v(110) File: C:/Users/sicom/Desktop/University/Logic-2/Project/AES.v Line: 110
Info (10041): Inferred latch for "key[210]" at AES.v(110) File: C:/Users/sicom/Desktop/University/Logic-2/Project/AES.v Line: 110
Info (10041): Inferred latch for "key[211]" at AES.v(110) File: C:/Users/sicom/Desktop/University/Logic-2/Project/AES.v Line: 110
Info (10041): Inferred latch for "key[212]" at AES.v(110) File: C:/Users/sicom/Desktop/University/Logic-2/Project/AES.v Line: 110
Info (10041): Inferred latch for "key[213]" at AES.v(110) File: C:/Users/sicom/Desktop/University/Logic-2/Project/AES.v Line: 110
Info (10041): Inferred latch for "key[214]" at AES.v(110) File: C:/Users/sicom/Desktop/University/Logic-2/Project/AES.v Line: 110
Info (10041): Inferred latch for "key[215]" at AES.v(110) File: C:/Users/sicom/Desktop/University/Logic-2/Project/AES.v Line: 110
Info (10041): Inferred latch for "key[216]" at AES.v(110) File: C:/Users/sicom/Desktop/University/Logic-2/Project/AES.v Line: 110
Info (10041): Inferred latch for "key[217]" at AES.v(110) File: C:/Users/sicom/Desktop/University/Logic-2/Project/AES.v Line: 110
Info (10041): Inferred latch for "key[218]" at AES.v(110) File: C:/Users/sicom/Desktop/University/Logic-2/Project/AES.v Line: 110
Info (10041): Inferred latch for "key[219]" at AES.v(110) File: C:/Users/sicom/Desktop/University/Logic-2/Project/AES.v Line: 110
Info (10041): Inferred latch for "key[220]" at AES.v(110) File: C:/Users/sicom/Desktop/University/Logic-2/Project/AES.v Line: 110
Info (10041): Inferred latch for "key[221]" at AES.v(110) File: C:/Users/sicom/Desktop/University/Logic-2/Project/AES.v Line: 110
Info (10041): Inferred latch for "key[222]" at AES.v(110) File: C:/Users/sicom/Desktop/University/Logic-2/Project/AES.v Line: 110
Info (10041): Inferred latch for "key[223]" at AES.v(110) File: C:/Users/sicom/Desktop/University/Logic-2/Project/AES.v Line: 110
Info (10041): Inferred latch for "key[224]" at AES.v(110) File: C:/Users/sicom/Desktop/University/Logic-2/Project/AES.v Line: 110
Info (10041): Inferred latch for "key[225]" at AES.v(110) File: C:/Users/sicom/Desktop/University/Logic-2/Project/AES.v Line: 110
Info (10041): Inferred latch for "key[226]" at AES.v(110) File: C:/Users/sicom/Desktop/University/Logic-2/Project/AES.v Line: 110
Info (10041): Inferred latch for "key[227]" at AES.v(110) File: C:/Users/sicom/Desktop/University/Logic-2/Project/AES.v Line: 110
Info (10041): Inferred latch for "key[228]" at AES.v(110) File: C:/Users/sicom/Desktop/University/Logic-2/Project/AES.v Line: 110
Info (10041): Inferred latch for "key[229]" at AES.v(110) File: C:/Users/sicom/Desktop/University/Logic-2/Project/AES.v Line: 110
Info (10041): Inferred latch for "key[230]" at AES.v(110) File: C:/Users/sicom/Desktop/University/Logic-2/Project/AES.v Line: 110
Info (10041): Inferred latch for "key[231]" at AES.v(110) File: C:/Users/sicom/Desktop/University/Logic-2/Project/AES.v Line: 110
Info (10041): Inferred latch for "key[232]" at AES.v(110) File: C:/Users/sicom/Desktop/University/Logic-2/Project/AES.v Line: 110
Info (10041): Inferred latch for "key[233]" at AES.v(110) File: C:/Users/sicom/Desktop/University/Logic-2/Project/AES.v Line: 110
Info (10041): Inferred latch for "key[234]" at AES.v(110) File: C:/Users/sicom/Desktop/University/Logic-2/Project/AES.v Line: 110
Info (10041): Inferred latch for "key[235]" at AES.v(110) File: C:/Users/sicom/Desktop/University/Logic-2/Project/AES.v Line: 110
Info (10041): Inferred latch for "key[236]" at AES.v(110) File: C:/Users/sicom/Desktop/University/Logic-2/Project/AES.v Line: 110
Info (10041): Inferred latch for "key[237]" at AES.v(110) File: C:/Users/sicom/Desktop/University/Logic-2/Project/AES.v Line: 110
Info (10041): Inferred latch for "key[238]" at AES.v(110) File: C:/Users/sicom/Desktop/University/Logic-2/Project/AES.v Line: 110
Info (10041): Inferred latch for "key[239]" at AES.v(110) File: C:/Users/sicom/Desktop/University/Logic-2/Project/AES.v Line: 110
Info (10041): Inferred latch for "key[240]" at AES.v(110) File: C:/Users/sicom/Desktop/University/Logic-2/Project/AES.v Line: 110
Info (10041): Inferred latch for "key[241]" at AES.v(110) File: C:/Users/sicom/Desktop/University/Logic-2/Project/AES.v Line: 110
Info (10041): Inferred latch for "key[242]" at AES.v(110) File: C:/Users/sicom/Desktop/University/Logic-2/Project/AES.v Line: 110
Info (10041): Inferred latch for "key[243]" at AES.v(110) File: C:/Users/sicom/Desktop/University/Logic-2/Project/AES.v Line: 110
Info (10041): Inferred latch for "key[244]" at AES.v(110) File: C:/Users/sicom/Desktop/University/Logic-2/Project/AES.v Line: 110
Info (10041): Inferred latch for "key[245]" at AES.v(110) File: C:/Users/sicom/Desktop/University/Logic-2/Project/AES.v Line: 110
Info (10041): Inferred latch for "key[246]" at AES.v(110) File: C:/Users/sicom/Desktop/University/Logic-2/Project/AES.v Line: 110
Info (10041): Inferred latch for "key[247]" at AES.v(110) File: C:/Users/sicom/Desktop/University/Logic-2/Project/AES.v Line: 110
Info (10041): Inferred latch for "key[248]" at AES.v(110) File: C:/Users/sicom/Desktop/University/Logic-2/Project/AES.v Line: 110
Info (10041): Inferred latch for "key[249]" at AES.v(110) File: C:/Users/sicom/Desktop/University/Logic-2/Project/AES.v Line: 110
Info (10041): Inferred latch for "key[250]" at AES.v(110) File: C:/Users/sicom/Desktop/University/Logic-2/Project/AES.v Line: 110
Info (10041): Inferred latch for "key[251]" at AES.v(110) File: C:/Users/sicom/Desktop/University/Logic-2/Project/AES.v Line: 110
Info (10041): Inferred latch for "key[252]" at AES.v(110) File: C:/Users/sicom/Desktop/University/Logic-2/Project/AES.v Line: 110
Info (10041): Inferred latch for "key[253]" at AES.v(110) File: C:/Users/sicom/Desktop/University/Logic-2/Project/AES.v Line: 110
Info (10041): Inferred latch for "key[254]" at AES.v(110) File: C:/Users/sicom/Desktop/University/Logic-2/Project/AES.v Line: 110
Info (10041): Inferred latch for "key[255]" at AES.v(110) File: C:/Users/sicom/Desktop/University/Logic-2/Project/AES.v Line: 110
Info (10041): Inferred latch for "state[0]" at AES.v(110) File: C:/Users/sicom/Desktop/University/Logic-2/Project/AES.v Line: 110
Info (10041): Inferred latch for "state[1]" at AES.v(110) File: C:/Users/sicom/Desktop/University/Logic-2/Project/AES.v Line: 110
Info (10041): Inferred latch for "state[2]" at AES.v(110) File: C:/Users/sicom/Desktop/University/Logic-2/Project/AES.v Line: 110
Info (10041): Inferred latch for "state[3]" at AES.v(110) File: C:/Users/sicom/Desktop/University/Logic-2/Project/AES.v Line: 110
Info (10041): Inferred latch for "state[4]" at AES.v(110) File: C:/Users/sicom/Desktop/University/Logic-2/Project/AES.v Line: 110
Info (10041): Inferred latch for "state[5]" at AES.v(110) File: C:/Users/sicom/Desktop/University/Logic-2/Project/AES.v Line: 110
Info (10041): Inferred latch for "state[6]" at AES.v(110) File: C:/Users/sicom/Desktop/University/Logic-2/Project/AES.v Line: 110
Info (10041): Inferred latch for "state[7]" at AES.v(110) File: C:/Users/sicom/Desktop/University/Logic-2/Project/AES.v Line: 110
Info (10041): Inferred latch for "state[8]" at AES.v(110) File: C:/Users/sicom/Desktop/University/Logic-2/Project/AES.v Line: 110
Info (10041): Inferred latch for "state[9]" at AES.v(110) File: C:/Users/sicom/Desktop/University/Logic-2/Project/AES.v Line: 110
Info (10041): Inferred latch for "state[10]" at AES.v(110) File: C:/Users/sicom/Desktop/University/Logic-2/Project/AES.v Line: 110
Info (10041): Inferred latch for "state[11]" at AES.v(110) File: C:/Users/sicom/Desktop/University/Logic-2/Project/AES.v Line: 110
Info (10041): Inferred latch for "state[12]" at AES.v(110) File: C:/Users/sicom/Desktop/University/Logic-2/Project/AES.v Line: 110
Info (10041): Inferred latch for "state[13]" at AES.v(110) File: C:/Users/sicom/Desktop/University/Logic-2/Project/AES.v Line: 110
Info (10041): Inferred latch for "state[14]" at AES.v(110) File: C:/Users/sicom/Desktop/University/Logic-2/Project/AES.v Line: 110
Info (10041): Inferred latch for "state[15]" at AES.v(110) File: C:/Users/sicom/Desktop/University/Logic-2/Project/AES.v Line: 110
Info (10041): Inferred latch for "state[16]" at AES.v(110) File: C:/Users/sicom/Desktop/University/Logic-2/Project/AES.v Line: 110
Info (10041): Inferred latch for "state[17]" at AES.v(110) File: C:/Users/sicom/Desktop/University/Logic-2/Project/AES.v Line: 110
Info (10041): Inferred latch for "state[18]" at AES.v(110) File: C:/Users/sicom/Desktop/University/Logic-2/Project/AES.v Line: 110
Info (10041): Inferred latch for "state[19]" at AES.v(110) File: C:/Users/sicom/Desktop/University/Logic-2/Project/AES.v Line: 110
Info (10041): Inferred latch for "state[20]" at AES.v(110) File: C:/Users/sicom/Desktop/University/Logic-2/Project/AES.v Line: 110
Info (10041): Inferred latch for "state[21]" at AES.v(110) File: C:/Users/sicom/Desktop/University/Logic-2/Project/AES.v Line: 110
Info (10041): Inferred latch for "state[22]" at AES.v(110) File: C:/Users/sicom/Desktop/University/Logic-2/Project/AES.v Line: 110
Info (10041): Inferred latch for "state[23]" at AES.v(110) File: C:/Users/sicom/Desktop/University/Logic-2/Project/AES.v Line: 110
Info (10041): Inferred latch for "state[24]" at AES.v(110) File: C:/Users/sicom/Desktop/University/Logic-2/Project/AES.v Line: 110
Info (10041): Inferred latch for "state[25]" at AES.v(110) File: C:/Users/sicom/Desktop/University/Logic-2/Project/AES.v Line: 110
Info (10041): Inferred latch for "state[26]" at AES.v(110) File: C:/Users/sicom/Desktop/University/Logic-2/Project/AES.v Line: 110
Info (10041): Inferred latch for "state[27]" at AES.v(110) File: C:/Users/sicom/Desktop/University/Logic-2/Project/AES.v Line: 110
Info (10041): Inferred latch for "state[28]" at AES.v(110) File: C:/Users/sicom/Desktop/University/Logic-2/Project/AES.v Line: 110
Info (10041): Inferred latch for "state[29]" at AES.v(110) File: C:/Users/sicom/Desktop/University/Logic-2/Project/AES.v Line: 110
Info (10041): Inferred latch for "state[30]" at AES.v(110) File: C:/Users/sicom/Desktop/University/Logic-2/Project/AES.v Line: 110
Info (10041): Inferred latch for "state[31]" at AES.v(110) File: C:/Users/sicom/Desktop/University/Logic-2/Project/AES.v Line: 110
Info (10041): Inferred latch for "state[32]" at AES.v(110) File: C:/Users/sicom/Desktop/University/Logic-2/Project/AES.v Line: 110
Info (10041): Inferred latch for "state[33]" at AES.v(110) File: C:/Users/sicom/Desktop/University/Logic-2/Project/AES.v Line: 110
Info (10041): Inferred latch for "state[34]" at AES.v(110) File: C:/Users/sicom/Desktop/University/Logic-2/Project/AES.v Line: 110
Info (10041): Inferred latch for "state[35]" at AES.v(110) File: C:/Users/sicom/Desktop/University/Logic-2/Project/AES.v Line: 110
Info (10041): Inferred latch for "state[36]" at AES.v(110) File: C:/Users/sicom/Desktop/University/Logic-2/Project/AES.v Line: 110
Info (10041): Inferred latch for "state[37]" at AES.v(110) File: C:/Users/sicom/Desktop/University/Logic-2/Project/AES.v Line: 110
Info (10041): Inferred latch for "state[38]" at AES.v(110) File: C:/Users/sicom/Desktop/University/Logic-2/Project/AES.v Line: 110
Info (10041): Inferred latch for "state[39]" at AES.v(110) File: C:/Users/sicom/Desktop/University/Logic-2/Project/AES.v Line: 110
Info (10041): Inferred latch for "state[40]" at AES.v(110) File: C:/Users/sicom/Desktop/University/Logic-2/Project/AES.v Line: 110
Info (10041): Inferred latch for "state[41]" at AES.v(110) File: C:/Users/sicom/Desktop/University/Logic-2/Project/AES.v Line: 110
Info (10041): Inferred latch for "state[42]" at AES.v(110) File: C:/Users/sicom/Desktop/University/Logic-2/Project/AES.v Line: 110
Info (10041): Inferred latch for "state[43]" at AES.v(110) File: C:/Users/sicom/Desktop/University/Logic-2/Project/AES.v Line: 110
Info (10041): Inferred latch for "state[44]" at AES.v(110) File: C:/Users/sicom/Desktop/University/Logic-2/Project/AES.v Line: 110
Info (10041): Inferred latch for "state[45]" at AES.v(110) File: C:/Users/sicom/Desktop/University/Logic-2/Project/AES.v Line: 110
Info (10041): Inferred latch for "state[46]" at AES.v(110) File: C:/Users/sicom/Desktop/University/Logic-2/Project/AES.v Line: 110
Info (10041): Inferred latch for "state[47]" at AES.v(110) File: C:/Users/sicom/Desktop/University/Logic-2/Project/AES.v Line: 110
Info (10041): Inferred latch for "state[48]" at AES.v(110) File: C:/Users/sicom/Desktop/University/Logic-2/Project/AES.v Line: 110
Info (10041): Inferred latch for "state[49]" at AES.v(110) File: C:/Users/sicom/Desktop/University/Logic-2/Project/AES.v Line: 110
Info (10041): Inferred latch for "state[50]" at AES.v(110) File: C:/Users/sicom/Desktop/University/Logic-2/Project/AES.v Line: 110
Info (10041): Inferred latch for "state[51]" at AES.v(110) File: C:/Users/sicom/Desktop/University/Logic-2/Project/AES.v Line: 110
Info (10041): Inferred latch for "state[52]" at AES.v(110) File: C:/Users/sicom/Desktop/University/Logic-2/Project/AES.v Line: 110
Info (10041): Inferred latch for "state[53]" at AES.v(110) File: C:/Users/sicom/Desktop/University/Logic-2/Project/AES.v Line: 110
Info (10041): Inferred latch for "state[54]" at AES.v(110) File: C:/Users/sicom/Desktop/University/Logic-2/Project/AES.v Line: 110
Info (10041): Inferred latch for "state[55]" at AES.v(110) File: C:/Users/sicom/Desktop/University/Logic-2/Project/AES.v Line: 110
Info (10041): Inferred latch for "state[56]" at AES.v(110) File: C:/Users/sicom/Desktop/University/Logic-2/Project/AES.v Line: 110
Info (10041): Inferred latch for "state[57]" at AES.v(110) File: C:/Users/sicom/Desktop/University/Logic-2/Project/AES.v Line: 110
Info (10041): Inferred latch for "state[58]" at AES.v(110) File: C:/Users/sicom/Desktop/University/Logic-2/Project/AES.v Line: 110
Info (10041): Inferred latch for "state[59]" at AES.v(110) File: C:/Users/sicom/Desktop/University/Logic-2/Project/AES.v Line: 110
Info (10041): Inferred latch for "state[60]" at AES.v(110) File: C:/Users/sicom/Desktop/University/Logic-2/Project/AES.v Line: 110
Info (10041): Inferred latch for "state[61]" at AES.v(110) File: C:/Users/sicom/Desktop/University/Logic-2/Project/AES.v Line: 110
Info (10041): Inferred latch for "state[62]" at AES.v(110) File: C:/Users/sicom/Desktop/University/Logic-2/Project/AES.v Line: 110
Info (10041): Inferred latch for "state[63]" at AES.v(110) File: C:/Users/sicom/Desktop/University/Logic-2/Project/AES.v Line: 110
Info (10041): Inferred latch for "state[64]" at AES.v(110) File: C:/Users/sicom/Desktop/University/Logic-2/Project/AES.v Line: 110
Info (10041): Inferred latch for "state[65]" at AES.v(110) File: C:/Users/sicom/Desktop/University/Logic-2/Project/AES.v Line: 110
Info (10041): Inferred latch for "state[66]" at AES.v(110) File: C:/Users/sicom/Desktop/University/Logic-2/Project/AES.v Line: 110
Info (10041): Inferred latch for "state[67]" at AES.v(110) File: C:/Users/sicom/Desktop/University/Logic-2/Project/AES.v Line: 110
Info (10041): Inferred latch for "state[68]" at AES.v(110) File: C:/Users/sicom/Desktop/University/Logic-2/Project/AES.v Line: 110
Info (10041): Inferred latch for "state[69]" at AES.v(110) File: C:/Users/sicom/Desktop/University/Logic-2/Project/AES.v Line: 110
Info (10041): Inferred latch for "state[70]" at AES.v(110) File: C:/Users/sicom/Desktop/University/Logic-2/Project/AES.v Line: 110
Info (10041): Inferred latch for "state[71]" at AES.v(110) File: C:/Users/sicom/Desktop/University/Logic-2/Project/AES.v Line: 110
Info (10041): Inferred latch for "state[72]" at AES.v(110) File: C:/Users/sicom/Desktop/University/Logic-2/Project/AES.v Line: 110
Info (10041): Inferred latch for "state[73]" at AES.v(110) File: C:/Users/sicom/Desktop/University/Logic-2/Project/AES.v Line: 110
Info (10041): Inferred latch for "state[74]" at AES.v(110) File: C:/Users/sicom/Desktop/University/Logic-2/Project/AES.v Line: 110
Info (10041): Inferred latch for "state[75]" at AES.v(110) File: C:/Users/sicom/Desktop/University/Logic-2/Project/AES.v Line: 110
Info (10041): Inferred latch for "state[76]" at AES.v(110) File: C:/Users/sicom/Desktop/University/Logic-2/Project/AES.v Line: 110
Info (10041): Inferred latch for "state[77]" at AES.v(110) File: C:/Users/sicom/Desktop/University/Logic-2/Project/AES.v Line: 110
Info (10041): Inferred latch for "state[78]" at AES.v(110) File: C:/Users/sicom/Desktop/University/Logic-2/Project/AES.v Line: 110
Info (10041): Inferred latch for "state[79]" at AES.v(110) File: C:/Users/sicom/Desktop/University/Logic-2/Project/AES.v Line: 110
Info (10041): Inferred latch for "state[80]" at AES.v(110) File: C:/Users/sicom/Desktop/University/Logic-2/Project/AES.v Line: 110
Info (10041): Inferred latch for "state[81]" at AES.v(110) File: C:/Users/sicom/Desktop/University/Logic-2/Project/AES.v Line: 110
Info (10041): Inferred latch for "state[82]" at AES.v(110) File: C:/Users/sicom/Desktop/University/Logic-2/Project/AES.v Line: 110
Info (10041): Inferred latch for "state[83]" at AES.v(110) File: C:/Users/sicom/Desktop/University/Logic-2/Project/AES.v Line: 110
Info (10041): Inferred latch for "state[84]" at AES.v(110) File: C:/Users/sicom/Desktop/University/Logic-2/Project/AES.v Line: 110
Info (10041): Inferred latch for "state[85]" at AES.v(110) File: C:/Users/sicom/Desktop/University/Logic-2/Project/AES.v Line: 110
Info (10041): Inferred latch for "state[86]" at AES.v(110) File: C:/Users/sicom/Desktop/University/Logic-2/Project/AES.v Line: 110
Info (10041): Inferred latch for "state[87]" at AES.v(110) File: C:/Users/sicom/Desktop/University/Logic-2/Project/AES.v Line: 110
Info (10041): Inferred latch for "state[88]" at AES.v(110) File: C:/Users/sicom/Desktop/University/Logic-2/Project/AES.v Line: 110
Info (10041): Inferred latch for "state[89]" at AES.v(110) File: C:/Users/sicom/Desktop/University/Logic-2/Project/AES.v Line: 110
Info (10041): Inferred latch for "state[90]" at AES.v(110) File: C:/Users/sicom/Desktop/University/Logic-2/Project/AES.v Line: 110
Info (10041): Inferred latch for "state[91]" at AES.v(110) File: C:/Users/sicom/Desktop/University/Logic-2/Project/AES.v Line: 110
Info (10041): Inferred latch for "state[92]" at AES.v(110) File: C:/Users/sicom/Desktop/University/Logic-2/Project/AES.v Line: 110
Info (10041): Inferred latch for "state[93]" at AES.v(110) File: C:/Users/sicom/Desktop/University/Logic-2/Project/AES.v Line: 110
Info (10041): Inferred latch for "state[94]" at AES.v(110) File: C:/Users/sicom/Desktop/University/Logic-2/Project/AES.v Line: 110
Info (10041): Inferred latch for "state[95]" at AES.v(110) File: C:/Users/sicom/Desktop/University/Logic-2/Project/AES.v Line: 110
Info (10041): Inferred latch for "state[96]" at AES.v(110) File: C:/Users/sicom/Desktop/University/Logic-2/Project/AES.v Line: 110
Info (10041): Inferred latch for "state[97]" at AES.v(110) File: C:/Users/sicom/Desktop/University/Logic-2/Project/AES.v Line: 110
Info (10041): Inferred latch for "state[98]" at AES.v(110) File: C:/Users/sicom/Desktop/University/Logic-2/Project/AES.v Line: 110
Info (10041): Inferred latch for "state[99]" at AES.v(110) File: C:/Users/sicom/Desktop/University/Logic-2/Project/AES.v Line: 110
Info (10041): Inferred latch for "state[100]" at AES.v(110) File: C:/Users/sicom/Desktop/University/Logic-2/Project/AES.v Line: 110
Info (10041): Inferred latch for "state[101]" at AES.v(110) File: C:/Users/sicom/Desktop/University/Logic-2/Project/AES.v Line: 110
Info (10041): Inferred latch for "state[102]" at AES.v(110) File: C:/Users/sicom/Desktop/University/Logic-2/Project/AES.v Line: 110
Info (10041): Inferred latch for "state[103]" at AES.v(110) File: C:/Users/sicom/Desktop/University/Logic-2/Project/AES.v Line: 110
Info (10041): Inferred latch for "state[104]" at AES.v(110) File: C:/Users/sicom/Desktop/University/Logic-2/Project/AES.v Line: 110
Info (10041): Inferred latch for "state[105]" at AES.v(110) File: C:/Users/sicom/Desktop/University/Logic-2/Project/AES.v Line: 110
Info (10041): Inferred latch for "state[106]" at AES.v(110) File: C:/Users/sicom/Desktop/University/Logic-2/Project/AES.v Line: 110
Info (10041): Inferred latch for "state[107]" at AES.v(110) File: C:/Users/sicom/Desktop/University/Logic-2/Project/AES.v Line: 110
Info (10041): Inferred latch for "state[108]" at AES.v(110) File: C:/Users/sicom/Desktop/University/Logic-2/Project/AES.v Line: 110
Info (10041): Inferred latch for "state[109]" at AES.v(110) File: C:/Users/sicom/Desktop/University/Logic-2/Project/AES.v Line: 110
Info (10041): Inferred latch for "state[110]" at AES.v(110) File: C:/Users/sicom/Desktop/University/Logic-2/Project/AES.v Line: 110
Info (10041): Inferred latch for "state[111]" at AES.v(110) File: C:/Users/sicom/Desktop/University/Logic-2/Project/AES.v Line: 110
Info (10041): Inferred latch for "state[112]" at AES.v(110) File: C:/Users/sicom/Desktop/University/Logic-2/Project/AES.v Line: 110
Info (10041): Inferred latch for "state[113]" at AES.v(110) File: C:/Users/sicom/Desktop/University/Logic-2/Project/AES.v Line: 110
Info (10041): Inferred latch for "state[114]" at AES.v(110) File: C:/Users/sicom/Desktop/University/Logic-2/Project/AES.v Line: 110
Info (10041): Inferred latch for "state[115]" at AES.v(110) File: C:/Users/sicom/Desktop/University/Logic-2/Project/AES.v Line: 110
Info (10041): Inferred latch for "state[116]" at AES.v(110) File: C:/Users/sicom/Desktop/University/Logic-2/Project/AES.v Line: 110
Info (10041): Inferred latch for "state[117]" at AES.v(110) File: C:/Users/sicom/Desktop/University/Logic-2/Project/AES.v Line: 110
Info (10041): Inferred latch for "state[118]" at AES.v(110) File: C:/Users/sicom/Desktop/University/Logic-2/Project/AES.v Line: 110
Info (10041): Inferred latch for "state[119]" at AES.v(110) File: C:/Users/sicom/Desktop/University/Logic-2/Project/AES.v Line: 110
Info (10041): Inferred latch for "state[120]" at AES.v(110) File: C:/Users/sicom/Desktop/University/Logic-2/Project/AES.v Line: 110
Info (10041): Inferred latch for "state[121]" at AES.v(110) File: C:/Users/sicom/Desktop/University/Logic-2/Project/AES.v Line: 110
Info (10041): Inferred latch for "state[122]" at AES.v(110) File: C:/Users/sicom/Desktop/University/Logic-2/Project/AES.v Line: 110
Info (10041): Inferred latch for "state[123]" at AES.v(110) File: C:/Users/sicom/Desktop/University/Logic-2/Project/AES.v Line: 110
Info (10041): Inferred latch for "state[124]" at AES.v(110) File: C:/Users/sicom/Desktop/University/Logic-2/Project/AES.v Line: 110
Info (10041): Inferred latch for "state[125]" at AES.v(110) File: C:/Users/sicom/Desktop/University/Logic-2/Project/AES.v Line: 110
Info (10041): Inferred latch for "state[126]" at AES.v(110) File: C:/Users/sicom/Desktop/University/Logic-2/Project/AES.v Line: 110
Info (10041): Inferred latch for "state[127]" at AES.v(110) File: C:/Users/sicom/Desktop/University/Logic-2/Project/AES.v Line: 110
Info (10041): Inferred latch for "state_next.startDecryption" at AES.v(110) File: C:/Users/sicom/Desktop/University/Logic-2/Project/AES.v Line: 110
Info (10041): Inferred latch for "state_next.KeyExpansionOp" at AES.v(110) File: C:/Users/sicom/Desktop/University/Logic-2/Project/AES.v Line: 110
Info (10041): Inferred latch for "state_next.MixColumnsOp" at AES.v(110) File: C:/Users/sicom/Desktop/University/Logic-2/Project/AES.v Line: 110
Info (10041): Inferred latch for "state_next.ShiftRowsOp" at AES.v(110) File: C:/Users/sicom/Desktop/University/Logic-2/Project/AES.v Line: 110
Info (10041): Inferred latch for "state_next.SubBytesOp" at AES.v(110) File: C:/Users/sicom/Desktop/University/Logic-2/Project/AES.v Line: 110
Info (10041): Inferred latch for "state_next.startEncryption" at AES.v(110) File: C:/Users/sicom/Desktop/University/Logic-2/Project/AES.v Line: 110
Info (10041): Inferred latch for "state_next.readReqProcess" at AES.v(110) File: C:/Users/sicom/Desktop/University/Logic-2/Project/AES.v Line: 110
Info (10041): Inferred latch for "state_next.readKeyData1" at AES.v(110) File: C:/Users/sicom/Desktop/University/Logic-2/Project/AES.v Line: 110
Info (10041): Inferred latch for "state_next.readKeyData0" at AES.v(110) File: C:/Users/sicom/Desktop/University/Logic-2/Project/AES.v Line: 110
Info (10041): Inferred latch for "state_next.readKeySize" at AES.v(110) File: C:/Users/sicom/Desktop/University/Logic-2/Project/AES.v Line: 110
Info (10041): Inferred latch for "state_next.readData1" at AES.v(110) File: C:/Users/sicom/Desktop/University/Logic-2/Project/AES.v Line: 110
Info (10041): Inferred latch for "state_next.readData0" at AES.v(110) File: C:/Users/sicom/Desktop/University/Logic-2/Project/AES.v Line: 110
Info (10041): Inferred latch for "state_next.idle" at AES.v(110) File: C:/Users/sicom/Desktop/University/Logic-2/Project/AES.v Line: 110
Info (12128): Elaborating entity "Sboxall" for hierarchy "Sboxall:sboxall" File: C:/Users/sicom/Desktop/University/Logic-2/Project/AES.v Line: 67
Info (12128): Elaborating entity "Sbox" for hierarchy "Sboxall:sboxall|Sbox:sbox0" File: C:/Users/sicom/Desktop/University/Logic-2/Project/Sboxall.v Line: 4
Info (12128): Elaborating entity "ShiftRows" for hierarchy "ShiftRows:shiftrowsall" File: C:/Users/sicom/Desktop/University/Logic-2/Project/AES.v Line: 68
Info (12128): Elaborating entity "mixColumns" for hierarchy "mixColumns:mixcolumnsall" File: C:/Users/sicom/Desktop/University/Logic-2/Project/AES.v Line: 69
Info (12128): Elaborating entity "keyExpansion" for hierarchy "keyExpansion:keyExpansionall" File: C:/Users/sicom/Desktop/University/Logic-2/Project/AES.v Line: 70
Info: Quartus Prime Analysis & Elaboration was successful. 0 errors, 46 warnings
    Info: Peak virtual memory: 4774 megabytes
    Info: Processing ended: Tue May 17 23:48:27 2022
    Info: Elapsed time: 00:00:11
    Info: Total CPU time (on all processors): 00:00:26


